[31m[Nest] 31264  - [39m12/18/2025, 6:04:10 PM [31m  ERROR[39m [38;5;3m[NestApplication] [39m[31mError: listen EADDRINUSE: address already in use :::4010[39m[38;5;3m +2ms[39m
node:net:1937
    const ex = new UVExceptionWithHostPort(err, 'listen', address, port);
               ^

Error: listen EADDRINUSE: address already in use :::4010
    at Server.setupListenHandle [as _listen2] (node:net:1937:16)
    at listenInCluster (node:net:1994:12)
    at Server.listen (node:net:2099:7)
    at ExpressAdapter.listen (C:\Users\Ahrorbek\Desktop\updatetasky\Tasky\api\node_modules\@nestjs\platform-express\adapters\express-adapter.js:127:32)
    at C:\Users\Ahrorbek\Desktop\updatetasky\Tasky\api\node_modules\@nestjs\core\nest-application.js:188:30
    at new Promise (<anonymous>)
    at NestApplication.listen (C:\Users\Ahrorbek\Desktop\updatetasky\Tasky\api\node_modules\@nestjs\core\nest-application.js:178:16)
    at process.processTicksAndRejections (node:internal/process/task_queues:105:5)
    at async bootstrap (C:\Users\Ahrorbek\Desktop\updatetasky\Tasky\api\dist\main.js:65:5) {
  code: 'EADDRINUSE',
  errno: -4091,
  syscall: 'listen',
  address: '::',
  port: 4010
}

Node.js v22.14.0
